0 info it worked if it ends with ok
1 verbose cli [ 'C:\\laragon\\bin\\nodejs\\node-v6.11.0-x64\\node.exe',
1 verbose cli   'C:\\laragon\\bin\\nodejs\\node-v6.11.0-x64\\node_modules\\npm\\bin\\npm-cli.js',
1 verbose cli   'run',
1 verbose cli   'dev' ]
2 info using npm@3.10.10
3 info using node@v6.11.0
4 verbose run-script [ 'predev', 'dev', 'postdev' ]
5 info lifecycle @~predev: @
6 silly lifecycle @~predev: no script for predev, continuing
7 info lifecycle @~dev: @
8 verbose lifecycle @~dev: unsafe-perm in lifecycle true
9 verbose lifecycle @~dev: PATH: C:\laragon\bin\nodejs\node-v6.11.0-x64\node_modules\npm\bin\node-gyp-bin;C:\laragon\www\ZooMarket\ZooMarket\node_modules\.bin;C:\Users\Leonardo\AppData\Local\Yarn\config\global\node_modules\.bin;C:\Users\Leonardo\AppData\Roaming\npm;C:\Users\Leonardo\AppData\Roaming\Composer\vendor\bin;;C:\laragon\bin\laragon\utils;C:\laragon\bin\mysql\mysql-5.7.18-winx64\bin;C:\laragon\bin\php\php-7.1.6-Win32-VC14-x64;C:\laragon\bin\composer;C:\laragon\bin\apache\httpd-2.4.25-win64-VC14\bin;C:\laragon\bin\redis\redis-x64-3.2.100;C:\laragon\bin\nodejs\node-v6.11.0-x64;C:\laragon\bin\yarn\bin;C:\laragon\bin\nginx\nginx-1.12.0;C:\laragon\bin\notepad++;C:\laragon\bin\telnet;C:\laragon\bin\ngrok;C:\laragon\bin\git\bin;C:\laragon\bin\git\cmd;C:\laragon\bin\git\usr\bin;C:\laragon\bin\git\mingw64\bin;C:\laragon\bin;C:\laragon\usr\bin;C:\laragon\bin\putty;C:\laragon\bin\cmder\bin;C:\laragon\bin\cmder\vendor\conemu-maximus5\ConEmu\Scripts;C:\laragon\bin\cmder\vendor\conemu-maximus5;C:\laragon\bin\cmder\vendor\conemu-maximus5\ConEmu;C:\ProgramData\Oracle\Java\javapath;C:\Oracle\product\12.1.0\client_1\bin;C:\Program Files (x86)\Intel\TXE Components\TCS\;C:\Program Files\Intel\TXE Components\TCS\;C:\Windows\system32;C:\Windows;C:\Windows\System32\Wbem;C:\Windows\System32\WindowsPowerShell\v1.0\;C:\Program Files (x86)\Java\jdk1.8.0_121\jre\bin;C:\xampp\php;C:\ProgramData\ComposerSetup\bin;C:\Users\Leonardo\AppData\Local\atom\bin;C:\Users\Leonardo\AppData\Roaming\Composer\vendor\bin;C:\laragon\bin\cmder\;
10 verbose lifecycle @~dev: CWD: C:\laragon\www\ZooMarket\ZooMarket
11 silly lifecycle @~dev: Args: [ '/d /s /c', 'npm run development' ]
12 silly lifecycle @~dev: Returned: code: 1  signal: null
13 info lifecycle @~dev: Failed to exec dev script
14 verbose stack Error: @ dev: `npm run development`
14 verbose stack Exit status 1
14 verbose stack     at EventEmitter.<anonymous> (C:\laragon\bin\nodejs\node-v6.11.0-x64\node_modules\npm\lib\utils\lifecycle.js:255:16)
14 verbose stack     at emitTwo (events.js:106:13)
14 verbose stack     at EventEmitter.emit (events.js:191:7)
14 verbose stack     at ChildProcess.<anonymous> (C:\laragon\bin\nodejs\node-v6.11.0-x64\node_modules\npm\lib\utils\spawn.js:40:14)
14 verbose stack     at emitTwo (events.js:106:13)
14 verbose stack     at ChildProcess.emit (events.js:191:7)
14 verbose stack     at maybeClose (internal/child_process.js:891:16)
14 verbose stack     at Process.ChildProcess._handle.onexit (internal/child_process.js:226:5)
15 verbose pkgid @
16 verbose cwd C:\laragon\www\ZooMarket\ZooMarket
17 error Windows_NT 6.1.7601
18 error argv "C:\\laragon\\bin\\nodejs\\node-v6.11.0-x64\\node.exe" "C:\\laragon\\bin\\nodejs\\node-v6.11.0-x64\\node_modules\\npm\\bin\\npm-cli.js" "run" "dev"
19 error node v6.11.0
20 error npm  v3.10.10
21 error code ELIFECYCLE
22 error @ dev: `npm run development`
22 error Exit status 1
23 error Failed at the @ dev script 'npm run development'.
23 error Make sure you have the latest version of node.js and npm installed.
23 error If you do, this is most likely a problem with the  package,
23 error not with npm itself.
23 error Tell the author that this fails on your system:
23 error     npm run development
23 error You can get information on how to open an issue for this project with:
23 error     npm bugs
23 error Or if that isn't available, you can get their info via:
23 error     npm owner ls
23 error There is likely additional logging output above.
24 verbose exit [ 1, true ]
